<?xml version="1.0" encoding="UTF-8"?>
<!-- Generated by org.testng.reporters.JUnitXMLReporter -->
<testsuite hostname="DESKTOP-FQKEHJ9" ignored="0" name="Testcase1 Firefox Browser" tests="3" failures="0" timestamp="09 Sep 2018 10:24:51 GMT" time="6.254" errors="0">
  <testcase name="@BeforeTest browserLaunch" time="6.168" classname="com.mani.retry.base.BaseTest">
    <failure type="org.openqa.selenium.SessionNotCreatedException" message="Unable to create new remote session. desired capabilities = Capabilities [{marionette=true, browserName=firefox, moz:firefoxOptions=org.openqa.selenium.firefox.FirefoxOptions@7690781, version=, platform=ANY, firefox_profile=org.openqa.selenium.firefox.FirefoxProfile@77eca502}], required capabilities = Capabilities [{}]
Build info: version: &amp;apos;3.1.0&amp;apos;, revision: &amp;apos;b94c902&amp;apos;, time: &amp;apos;2017-02-16 12:21:31 -0800&amp;apos;
System info: host: &amp;apos;DESKTOP-FQKEHJ9&amp;apos;, ip: &amp;apos;192.168.85.1&amp;apos;, os.name: &amp;apos;Windows 10&amp;apos;, os.arch: &amp;apos;amd64&amp;apos;, os.version: &amp;apos;10.0&amp;apos;, java.version: &amp;apos;1.8.0_171&amp;apos;
Driver info: driver.version: FirefoxDriver">
      <![CDATA[org.openqa.selenium.SessionNotCreatedException: Unable to create new remote session. desired capabilities = Capabilities [{marionette=true, browserName=firefox, moz:firefoxOptions=org.openqa.selenium.firefox.FirefoxOptions@7690781, version=, platform=ANY, firefox_profile=org.openqa.selenium.firefox.FirefoxProfile@77eca502}], required capabilities = Capabilities [{}]
Build info: version: '3.1.0', revision: 'b94c902', time: '2017-02-16 12:21:31 -0800'
System info: host: 'DESKTOP-FQKEHJ9', ip: '192.168.85.1', os.name: 'Windows 10', os.arch: 'amd64', os.version: '10.0', java.version: '1.8.0_171'
Driver info: driver.version: FirefoxDriver
at org.openqa.selenium.remote.ProtocolHandshake.createSession(ProtocolHandshake.java:91)
at org.openqa.selenium.remote.HttpCommandExecutor.execute(HttpCommandExecutor.java:141)
at org.openqa.selenium.remote.service.DriverCommandExecutor.execute(DriverCommandExecutor.java:82)
at org.openqa.selenium.remote.RemoteWebDriver.execute(RemoteWebDriver.java:601)
at org.openqa.selenium.remote.RemoteWebDriver.startSession(RemoteWebDriver.java:241)
at org.openqa.selenium.remote.RemoteWebDriver.<init>(RemoteWebDriver.java:128)
at org.openqa.selenium.firefox.FirefoxDriver.<init>(FirefoxDriver.java:293)
at org.openqa.selenium.firefox.FirefoxDriver.<init>(FirefoxDriver.java:272)
at org.openqa.selenium.firefox.FirefoxDriver.<init>(FirefoxDriver.java:267)
at org.openqa.selenium.firefox.FirefoxDriver.<init>(FirefoxDriver.java:263)
at org.openqa.selenium.firefox.FirefoxDriver.<init>(FirefoxDriver.java:122)
at com.mani.retry.base.BaseTest.browserLaunch(BaseTest.java:27)
... Removed 24 stack frames]]>
    </failure>
  </testcase> <!-- @BeforeTest browserLaunch -->
  <testcase name="@BeforeTest prepoertyReadFile" time="0.0" classname="com.mani.retry.base.BaseTest">
    <skipped/>
  </testcase> <!-- @BeforeTest prepoertyReadFile -->
  <testcase name="allBrowsers" time="0.0" classname="com.mani.retry.tests.TestCase1">
    <skipped/>
  </testcase> <!-- allBrowsers -->
  <testcase name="testCase3" time="0.006" classname="com.mani.retry.tests.TestCase3"/>
  <testcase name="testCase4" time="0.004" classname="com.mani.retry.tests.TestCase4"/>
</testsuite> <!-- Testcase1 Firefox Browser -->
