<?xml version="1.0" encoding="UTF-8"?>
<!-- Generated by org.testng.reporters.JUnitXMLReporter -->
<testsuite hostname="DESKTOP-FQKEHJ9" ignored="0" name="Testcase1 chrome Browser" tests="3" failures="0" timestamp="09 Sep 2018 10:24:59 GMT" time="7.654" errors="0">
  <testcase name="testCase3" time="0.0" classname="com.mani.retry.tests.TestCase3"/>
  <testcase name="testCase4" time="0.0" classname="com.mani.retry.tests.TestCase4"/>
  <testcase name="allBrowsers" time="4.923" classname="com.mani.retry.tests.TestCase1"/>
</testsuite> <!-- Testcase1 chrome Browser -->
